[2023-03-09 15:29:24] [ INFO ] [CiudadServiceImpl:60] Se inicio una operacion de listado de ciudades 
[2023-03-09 15:29:24] [ INFO ] [CategoriaServiceImpl:67] Se inicio una operacion de listado de categorias 
[2023-03-09 15:29:26] [ INFO ] [CategoriaServiceImpl:67] Se inicio una operacion de listado de categorias 
[2023-03-09 15:29:26] [ INFO ] [CiudadServiceImpl:60] Se inicio una operacion de listado de ciudades 
[2023-03-09 15:29:53] [ INFO ] [ImagenServiceImpl:61] Se inicio una operacion de buscar producto con ID= 7
[2023-03-09 15:29:54] [ INFO ] [ImagenServiceImpl:61] Se inicio una operacion de buscar producto con ID= 7
[2023-03-09 15:30:45] [ INFO ] [CiudadServiceImpl:60] Se inicio una operacion de listado de ciudades 
[2023-03-09 15:30:45] [ INFO ] [CategoriaServiceImpl:67] Se inicio una operacion de listado de categorias 
[2023-03-09 15:30:46] [ INFO ] [CategoriaServiceImpl:67] Se inicio una operacion de listado de categorias 
[2023-03-09 15:30:46] [ INFO ] [CiudadServiceImpl:60] Se inicio una operacion de listado de ciudades 
[2023-03-09 15:31:08] [ INFO ] [CiudadServiceImpl:60] Se inicio una operacion de listado de ciudades 
[2023-03-09 15:31:08] [ INFO ] [CategoriaServiceImpl:67] Se inicio una operacion de listado de categorias 
[2023-03-09 15:31:10] [ INFO ] [CategoriaServiceImpl:67] Se inicio una operacion de listado de categorias 
[2023-03-09 15:31:10] [ INFO ] [CiudadServiceImpl:60] Se inicio una operacion de listado de ciudades 
[2023-03-09 15:35:32] [ INFO ] [CiudadServiceImpl:60] Se inicio una operacion de listado de ciudades 
[2023-03-09 15:35:32] [ INFO ] [CategoriaServiceImpl:67] Se inicio una operacion de listado de categorias 
[2023-03-09 15:35:33] [ INFO ] [CategoriaServiceImpl:67] Se inicio una operacion de listado de categorias 
[2023-03-09 15:35:34] [ INFO ] [CiudadServiceImpl:60] Se inicio una operacion de listado de ciudades 
[2023-03-09 15:36:08] [ INFO ] [CiudadServiceImpl:60] Se inicio una operacion de listado de ciudades 
[2023-03-09 15:36:08] [ INFO ] [CategoriaServiceImpl:67] Se inicio una operacion de listado de categorias 
[2023-03-09 15:36:09] [ INFO ] [CategoriaServiceImpl:67] Se inicio una operacion de listado de categorias 
[2023-03-09 15:36:09] [ INFO ] [CiudadServiceImpl:60] Se inicio una operacion de listado de ciudades 
[2023-03-09 15:38:42] [ INFO ] [ImagenServiceImpl:61] Se inicio una operacion de buscar producto con ID= 8
[2023-03-09 15:38:43] [ INFO ] [ImagenServiceImpl:61] Se inicio una operacion de buscar producto con ID= 8
[2023-03-09 15:38:52] [ INFO ] [CiudadServiceImpl:60] Se inicio una operacion de listado de ciudades 
[2023-03-09 15:38:52] [ INFO ] [CategoriaServiceImpl:67] Se inicio una operacion de listado de categorias 
[2023-03-09 15:38:53] [ INFO ] [CiudadServiceImpl:60] Se inicio una operacion de listado de ciudades 
[2023-03-09 15:38:53] [ INFO ] [CategoriaServiceImpl:67] Se inicio una operacion de listado de categorias 
[2023-03-09 15:38:59] [ INFO ] [CiudadServiceImpl:60] Se inicio una operacion de listado de ciudades 
[2023-03-09 15:38:59] [ INFO ] [CategoriaServiceImpl:67] Se inicio una operacion de listado de categorias 
[2023-03-09 15:39:00] [ INFO ] [CiudadServiceImpl:60] Se inicio una operacion de listado de ciudades 
[2023-03-09 15:39:00] [ INFO ] [CategoriaServiceImpl:67] Se inicio una operacion de listado de categorias 
[2023-03-09 15:39:38] [ INFO ] [CiudadServiceImpl:60] Se inicio una operacion de listado de ciudades 
[2023-03-09 15:39:38] [ INFO ] [CategoriaServiceImpl:67] Se inicio una operacion de listado de categorias 
[2023-03-09 15:39:39] [ INFO ] [CategoriaServiceImpl:67] Se inicio una operacion de listado de categorias 
[2023-03-09 15:39:39] [ INFO ] [CiudadServiceImpl:60] Se inicio una operacion de listado de ciudades 
[2023-03-09 15:39:56] [ INFO ] [CiudadServiceImpl:60] Se inicio una operacion de listado de ciudades 
[2023-03-09 15:39:56] [ INFO ] [CategoriaServiceImpl:67] Se inicio una operacion de listado de categorias 
[2023-03-09 15:39:57] [ INFO ] [CiudadServiceImpl:60] Se inicio una operacion de listado de ciudades 
[2023-03-09 15:39:57] [ INFO ] [CategoriaServiceImpl:67] Se inicio una operacion de listado de categorias 
[2023-03-09 15:41:13] [ INFO ] [CiudadServiceImpl:60] Se inicio una operacion de listado de ciudades 
[2023-03-09 15:41:13] [ INFO ] [CategoriaServiceImpl:67] Se inicio una operacion de listado de categorias 
[2023-03-09 15:41:14] [ INFO ] [CategoriaServiceImpl:67] Se inicio una operacion de listado de categorias 
[2023-03-09 15:41:15] [ INFO ] [CiudadServiceImpl:60] Se inicio una operacion de listado de ciudades 
[2023-03-09 15:42:10] [ INFO ] [ImagenServiceImpl:61] Se inicio una operacion de buscar producto con ID= 4
[2023-03-09 15:42:12] [ INFO ] [ImagenServiceImpl:61] Se inicio una operacion de buscar producto con ID= 4
[2023-03-09 15:42:48] [ INFO ] [ImagenServiceImpl:61] Se inicio una operacion de buscar producto con ID= 4
[2023-03-09 15:42:50] [ INFO ] [ImagenServiceImpl:61] Se inicio una operacion de buscar producto con ID= 4
[2023-03-09 15:43:24] [ INFO ] [ImagenServiceImpl:61] Se inicio una operacion de buscar producto con ID= 4
[2023-03-09 15:43:26] [ INFO ] [ImagenServiceImpl:61] Se inicio una operacion de buscar producto con ID= 4
[2023-03-09 15:43:51] [ INFO ] [CiudadServiceImpl:60] Se inicio una operacion de listado de ciudades 
[2023-03-09 15:43:51] [ INFO ] [CategoriaServiceImpl:67] Se inicio una operacion de listado de categorias 
[2023-03-09 15:43:53] [ INFO ] [CategoriaServiceImpl:67] Se inicio una operacion de listado de categorias 
[2023-03-09 15:43:53] [ INFO ] [CiudadServiceImpl:60] Se inicio una operacion de listado de ciudades 
[2023-03-09 15:46:00] [ INFO ] [CiudadServiceImpl:60] Se inicio una operacion de listado de ciudades 
[2023-03-09 15:46:00] [ INFO ] [CategoriaServiceImpl:67] Se inicio una operacion de listado de categorias 
[2023-03-09 15:46:01] [ INFO ] [CategoriaServiceImpl:67] Se inicio una operacion de listado de categorias 
[2023-03-09 15:46:01] [ INFO ] [CiudadServiceImpl:60] Se inicio una operacion de listado de ciudades 
[2023-03-09 15:48:01] [ INFO ] [CiudadServiceImpl:60] Se inicio una operacion de listado de ciudades 
[2023-03-09 15:48:01] [ INFO ] [CategoriaServiceImpl:67] Se inicio una operacion de listado de categorias 
[2023-03-09 15:48:02] [ INFO ] [CiudadServiceImpl:60] Se inicio una operacion de listado de ciudades 
[2023-03-09 15:48:02] [ INFO ] [CategoriaServiceImpl:67] Se inicio una operacion de listado de categorias 
[2023-03-09 15:50:29] [ INFO ] [ImagenServiceImpl:61] Se inicio una operacion de buscar producto con ID= 4
[2023-03-09 15:50:30] [ INFO ] [ImagenServiceImpl:61] Se inicio una operacion de buscar producto con ID= 4
[2023-03-09 15:55:31] [ INFO ] [ImagenServiceImpl:61] Se inicio una operacion de buscar producto con ID= 4
[2023-03-09 15:55:32] [ INFO ] [ImagenServiceImpl:61] Se inicio una operacion de buscar producto con ID= 4
[2023-03-09 15:55:38] [ INFO ] [ImagenServiceImpl:61] Se inicio una operacion de buscar producto con ID= 7
[2023-03-09 15:55:39] [ INFO ] [ImagenServiceImpl:61] Se inicio una operacion de buscar producto con ID= 7
[2023-03-09 15:59:35] [ INFO ] [CiudadServiceImpl:60] Se inicio una operacion de listado de ciudades 
[2023-03-09 15:59:35] [ INFO ] [CategoriaServiceImpl:67] Se inicio una operacion de listado de categorias 
[2023-03-09 15:59:37] [ INFO ] [CiudadServiceImpl:60] Se inicio una operacion de listado de ciudades 
[2023-03-09 15:59:37] [ INFO ] [CategoriaServiceImpl:67] Se inicio una operacion de listado de categorias 
[2023-03-09 16:00:21] [ INFO ] [CiudadServiceImpl:60] Se inicio una operacion de listado de ciudades 
[2023-03-09 16:00:21] [ INFO ] [CategoriaServiceImpl:67] Se inicio una operacion de listado de categorias 
[2023-03-09 16:00:23] [ INFO ] [CiudadServiceImpl:60] Se inicio una operacion de listado de ciudades 
[2023-03-09 16:00:23] [ INFO ] [CategoriaServiceImpl:67] Se inicio una operacion de listado de categorias 
[2023-03-09 16:00:42] [ INFO ] [CiudadServiceImpl:60] Se inicio una operacion de listado de ciudades 
[2023-03-09 16:00:42] [ INFO ] [CategoriaServiceImpl:67] Se inicio una operacion de listado de categorias 
[2023-03-09 16:00:44] [ INFO ] [CategoriaServiceImpl:67] Se inicio una operacion de listado de categorias 
[2023-03-09 16:00:44] [ INFO ] [CiudadServiceImpl:60] Se inicio una operacion de listado de ciudades 
[2023-03-09 16:02:07] [ INFO ] [ImagenServiceImpl:61] Se inicio una operacion de buscar producto con ID= 2
[2023-03-09 16:02:09] [ INFO ] [ImagenServiceImpl:61] Se inicio una operacion de buscar producto con ID= 2
[2023-03-09 16:02:21] [ INFO ] [CiudadServiceImpl:60] Se inicio una operacion de listado de ciudades 
[2023-03-09 16:02:21] [ INFO ] [CategoriaServiceImpl:67] Se inicio una operacion de listado de categorias 
[2023-03-09 16:02:23] [ INFO ] [CategoriaServiceImpl:67] Se inicio una operacion de listado de categorias 
[2023-03-09 16:02:23] [ INFO ] [CiudadServiceImpl:60] Se inicio una operacion de listado de ciudades 
[2023-03-09 16:03:06] [ INFO ] [CiudadServiceImpl:60] Se inicio una operacion de listado de ciudades 
[2023-03-09 16:03:06] [ INFO ] [CategoriaServiceImpl:67] Se inicio una operacion de listado de categorias 
[2023-03-09 16:03:07] [ INFO ] [CiudadServiceImpl:60] Se inicio una operacion de listado de ciudades 
[2023-03-09 16:03:07] [ INFO ] [CategoriaServiceImpl:67] Se inicio una operacion de listado de categorias 
[2023-03-09 16:04:34] [ INFO ] [ImagenServiceImpl:61] Se inicio una operacion de buscar producto con ID= 6
[2023-03-09 16:04:36] [ INFO ] [ImagenServiceImpl:61] Se inicio una operacion de buscar producto con ID= 6
[2023-03-09 16:05:17] [ INFO ] [CiudadServiceImpl:60] Se inicio una operacion de listado de ciudades 
[2023-03-09 16:05:17] [ INFO ] [CategoriaServiceImpl:67] Se inicio una operacion de listado de categorias 
[2023-03-09 16:05:18] [ INFO ] [CiudadServiceImpl:60] Se inicio una operacion de listado de ciudades 
[2023-03-09 16:05:18] [ INFO ] [CategoriaServiceImpl:67] Se inicio una operacion de listado de categorias 
[2023-03-09 16:05:43] [ INFO ] [ImagenServiceImpl:61] Se inicio una operacion de buscar producto con ID= 4
[2023-03-09 16:05:45] [ INFO ] [ImagenServiceImpl:61] Se inicio una operacion de buscar producto con ID= 4
[2023-03-09 16:06:10] [ INFO ] [CiudadServiceImpl:60] Se inicio una operacion de listado de ciudades 
[2023-03-09 16:06:10] [ INFO ] [CategoriaServiceImpl:67] Se inicio una operacion de listado de categorias 
[2023-03-09 16:06:11] [ INFO ] [CiudadServiceImpl:60] Se inicio una operacion de listado de ciudades 
[2023-03-09 16:06:11] [ INFO ] [CategoriaServiceImpl:67] Se inicio una operacion de listado de categorias 
[2023-03-09 16:06:49] [ INFO ] [ImagenServiceImpl:61] Se inicio una operacion de buscar producto con ID= 4
[2023-03-09 16:06:51] [ INFO ] [ImagenServiceImpl:61] Se inicio una operacion de buscar producto con ID= 4
[2023-03-09 16:10:02] [ INFO ] [CiudadServiceImpl:60] Se inicio una operacion de listado de ciudades 
[2023-03-09 16:10:02] [ INFO ] [CategoriaServiceImpl:67] Se inicio una operacion de listado de categorias 
[2023-03-09 16:10:04] [ INFO ] [CiudadServiceImpl:60] Se inicio una operacion de listado de ciudades 
[2023-03-09 16:10:04] [ INFO ] [CategoriaServiceImpl:67] Se inicio una operacion de listado de categorias 
[2023-03-09 16:10:18] [ INFO ] [ImagenServiceImpl:61] Se inicio una operacion de buscar producto con ID= 5
[2023-03-09 16:10:20] [ INFO ] [ImagenServiceImpl:61] Se inicio una operacion de buscar producto con ID= 5
[2023-03-09 16:15:01] [ INFO ] [CiudadServiceImpl:60] Se inicio una operacion de listado de ciudades 
[2023-03-09 16:15:01] [ INFO ] [CategoriaServiceImpl:67] Se inicio una operacion de listado de categorias 
[2023-03-09 16:15:03] [ INFO ] [CiudadServiceImpl:60] Se inicio una operacion de listado de ciudades 
[2023-03-09 16:15:03] [ INFO ] [CategoriaServiceImpl:67] Se inicio una operacion de listado de categorias 
[2023-03-09 16:15:57] [ INFO ] [CiudadServiceImpl:60] Se inicio una operacion de listado de ciudades 
[2023-03-09 16:15:57] [ INFO ] [CategoriaServiceImpl:67] Se inicio una operacion de listado de categorias 
[2023-03-09 16:15:58] [ INFO ] [CiudadServiceImpl:60] Se inicio una operacion de listado de ciudades 
[2023-03-09 16:15:58] [ INFO ] [CategoriaServiceImpl:67] Se inicio una operacion de listado de categorias 
[2023-03-09 16:20:03] [ INFO ] [ImagenServiceImpl:61] Se inicio una operacion de buscar producto con ID= 4
[2023-03-09 16:20:04] [ INFO ] [ImagenServiceImpl:61] Se inicio una operacion de buscar producto con ID= 4
[2023-03-09 16:20:49] [ INFO ] [ImagenServiceImpl:61] Se inicio una operacion de buscar producto con ID= 4
[2023-03-09 16:20:50] [ INFO ] [ImagenServiceImpl:61] Se inicio una operacion de buscar producto con ID= 4
[2023-03-09 16:21:18] [ INFO ] [ImagenServiceImpl:61] Se inicio una operacion de buscar producto con ID= 4
[2023-03-09 16:21:19] [ INFO ] [ImagenServiceImpl:61] Se inicio una operacion de buscar producto con ID= 4
[2023-03-09 16:21:51] [ INFO ] [CiudadServiceImpl:60] Se inicio una operacion de listado de ciudades 
[2023-03-09 16:21:51] [ INFO ] [CategoriaServiceImpl:67] Se inicio una operacion de listado de categorias 
[2023-03-09 16:21:53] [ INFO ] [CategoriaServiceImpl:67] Se inicio una operacion de listado de categorias 
[2023-03-09 16:21:53] [ INFO ] [CiudadServiceImpl:60] Se inicio una operacion de listado de ciudades 
[2023-03-09 16:22:41] [ INFO ] [ImagenServiceImpl:61] Se inicio una operacion de buscar producto con ID= 6
[2023-03-09 16:22:42] [ INFO ] [ImagenServiceImpl:61] Se inicio una operacion de buscar producto con ID= 6
[2023-03-09 16:25:39] [ INFO ] [ImagenServiceImpl:61] Se inicio una operacion de buscar producto con ID= 6
[2023-03-09 16:25:41] [ INFO ] [ImagenServiceImpl:61] Se inicio una operacion de buscar producto con ID= 6
[2023-03-09 16:26:16] [ INFO ] [ImagenServiceImpl:61] Se inicio una operacion de buscar producto con ID= 6
[2023-03-09 16:26:17] [ INFO ] [ImagenServiceImpl:61] Se inicio una operacion de buscar producto con ID= 6
[2023-03-09 16:28:47] [ INFO ] [CiudadServiceImpl:60] Se inicio una operacion de listado de ciudades 
[2023-03-09 16:28:47] [ INFO ] [CategoriaServiceImpl:67] Se inicio una operacion de listado de categorias 
[2023-03-09 16:28:48] [ INFO ] [CategoriaServiceImpl:67] Se inicio una operacion de listado de categorias 
[2023-03-09 16:28:48] [ INFO ] [CiudadServiceImpl:60] Se inicio una operacion de listado de ciudades 
[2023-03-09 16:29:05] [ INFO ] [CiudadServiceImpl:60] Se inicio una operacion de listado de ciudades 
[2023-03-09 16:29:05] [ INFO ] [CategoriaServiceImpl:67] Se inicio una operacion de listado de categorias 
[2023-03-09 16:29:06] [ INFO ] [CiudadServiceImpl:60] Se inicio una operacion de listado de ciudades 
[2023-03-09 16:29:07] [ INFO ] [CategoriaServiceImpl:67] Se inicio una operacion de listado de categorias 
[2023-03-09 16:29:11] [ INFO ] [CiudadServiceImpl:60] Se inicio una operacion de listado de ciudades 
[2023-03-09 16:29:11] [ INFO ] [CategoriaServiceImpl:67] Se inicio una operacion de listado de categorias 
[2023-03-09 16:29:12] [ INFO ] [CiudadServiceImpl:60] Se inicio una operacion de listado de ciudades 
[2023-03-09 16:29:12] [ INFO ] [CategoriaServiceImpl:67] Se inicio una operacion de listado de categorias 
[2023-03-09 16:31:14] [ INFO ] [ImagenServiceImpl:61] Se inicio una operacion de buscar producto con ID= 2
[2023-03-09 16:31:15] [ INFO ] [ImagenServiceImpl:61] Se inicio una operacion de buscar producto con ID= 2
[2023-03-09 16:35:40] [ INFO ] [CiudadServiceImpl:60] Se inicio una operacion de listado de ciudades 
[2023-03-09 16:35:40] [ INFO ] [CategoriaServiceImpl:67] Se inicio una operacion de listado de categorias 
[2023-03-09 16:35:42] [ INFO ] [CiudadServiceImpl:60] Se inicio una operacion de listado de ciudades 
[2023-03-09 16:35:42] [ INFO ] [CategoriaServiceImpl:67] Se inicio una operacion de listado de categorias 
[2023-03-09 16:35:50] [ INFO ] [ImagenServiceImpl:61] Se inicio una operacion de buscar producto con ID= 7
[2023-03-09 16:35:52] [ INFO ] [ImagenServiceImpl:61] Se inicio una operacion de buscar producto con ID= 7
[2023-03-09 16:35:58] [ INFO ] [CiudadServiceImpl:60] Se inicio una operacion de listado de ciudades 
[2023-03-09 16:35:58] [ INFO ] [CategoriaServiceImpl:67] Se inicio una operacion de listado de categorias 
[2023-03-09 16:35:59] [ INFO ] [CategoriaServiceImpl:67] Se inicio una operacion de listado de categorias 
[2023-03-09 16:35:59] [ INFO ] [CiudadServiceImpl:60] Se inicio una operacion de listado de ciudades 
[2023-03-09 16:36:53] [ INFO ] [ImagenServiceImpl:61] Se inicio una operacion de buscar producto con ID= 5
[2023-03-09 16:36:54] [ INFO ] [ImagenServiceImpl:61] Se inicio una operacion de buscar producto con ID= 5
[2023-03-09 16:37:01] [ INFO ] [CiudadServiceImpl:60] Se inicio una operacion de listado de ciudades 
[2023-03-09 16:37:01] [ INFO ] [CategoriaServiceImpl:67] Se inicio una operacion de listado de categorias 
[2023-03-09 16:37:02] [ INFO ] [CategoriaServiceImpl:67] Se inicio una operacion de listado de categorias 
[2023-03-09 16:37:02] [ INFO ] [CiudadServiceImpl:60] Se inicio una operacion de listado de ciudades 
[2023-03-09 16:37:16] [ INFO ] [ImagenServiceImpl:61] Se inicio una operacion de buscar producto con ID= 5
[2023-03-09 16:37:18] [ INFO ] [ImagenServiceImpl:61] Se inicio una operacion de buscar producto con ID= 5
[2023-03-09 16:40:06] [ INFO ] [CiudadServiceImpl:60] Se inicio una operacion de listado de ciudades 
[2023-03-09 16:40:06] [ INFO ] [CategoriaServiceImpl:67] Se inicio una operacion de listado de categorias 
[2023-03-09 16:40:07] [ INFO ] [CategoriaServiceImpl:67] Se inicio una operacion de listado de categorias 
[2023-03-09 16:40:07] [ INFO ] [CiudadServiceImpl:60] Se inicio una operacion de listado de ciudades 
[2023-03-09 16:40:16] [ INFO ] [ImagenServiceImpl:61] Se inicio una operacion de buscar producto con ID= 5
[2023-03-09 16:40:17] [ INFO ] [ImagenServiceImpl:61] Se inicio una operacion de buscar producto con ID= 5
[2023-03-09 16:43:01] [ INFO ] [CiudadServiceImpl:60] Se inicio una operacion de listado de ciudades 
[2023-03-09 16:43:01] [ INFO ] [CategoriaServiceImpl:67] Se inicio una operacion de listado de categorias 
[2023-03-09 16:43:02] [ INFO ] [CategoriaServiceImpl:67] Se inicio una operacion de listado de categorias 
[2023-03-09 16:43:02] [ INFO ] [CiudadServiceImpl:60] Se inicio una operacion de listado de ciudades 
[2023-03-09 16:43:12] [ INFO ] [ImagenServiceImpl:61] Se inicio una operacion de buscar producto con ID= 3
[2023-03-09 16:43:14] [ INFO ] [ImagenServiceImpl:61] Se inicio una operacion de buscar producto con ID= 3
[2023-03-09 16:43:33] [ INFO ] [CiudadServiceImpl:60] Se inicio una operacion de listado de ciudades 
[2023-03-09 16:43:33] [ INFO ] [CategoriaServiceImpl:67] Se inicio una operacion de listado de categorias 
[2023-03-09 16:43:34] [ INFO ] [CategoriaServiceImpl:67] Se inicio una operacion de listado de categorias 
[2023-03-09 16:43:34] [ INFO ] [CiudadServiceImpl:60] Se inicio una operacion de listado de ciudades 
[2023-03-09 16:44:36] [ INFO ] [ImagenServiceImpl:61] Se inicio una operacion de buscar producto con ID= 1
[2023-03-09 16:44:38] [ INFO ] [ImagenServiceImpl:61] Se inicio una operacion de buscar producto con ID= 1
[2023-03-09 16:56:35] [ INFO ] [CiudadServiceImpl:60] Se inicio una operacion de listado de ciudades 
[2023-03-09 16:56:35] [ INFO ] [CategoriaServiceImpl:67] Se inicio una operacion de listado de categorias 
[2023-03-09 16:56:36] [ INFO ] [CiudadServiceImpl:60] Se inicio una operacion de listado de ciudades 
[2023-03-09 16:56:36] [ INFO ] [CategoriaServiceImpl:67] Se inicio una operacion de listado de categorias 
[2023-03-09 17:06:19] [ INFO ] [CiudadServiceImpl:60] Se inicio una operacion de listado de ciudades 
[2023-03-09 17:06:19] [ INFO ] [CategoriaServiceImpl:67] Se inicio una operacion de listado de categorias 
[2023-03-09 17:06:21] [ INFO ] [CiudadServiceImpl:60] Se inicio una operacion de listado de ciudades 
[2023-03-09 17:06:21] [ INFO ] [CategoriaServiceImpl:67] Se inicio una operacion de listado de categorias 
[2023-03-09 17:06:53] [ INFO ] [ImagenServiceImpl:61] Se inicio una operacion de buscar producto con ID= 7
[2023-03-09 17:06:55] [ INFO ] [ImagenServiceImpl:61] Se inicio una operacion de buscar producto con ID= 7
[2023-03-09 17:27:16] [ INFO ] [CiudadServiceImpl:60] Se inicio una operacion de listado de ciudades 
[2023-03-09 17:27:16] [ INFO ] [CategoriaServiceImpl:67] Se inicio una operacion de listado de categorias 
[2023-03-09 17:27:18] [ INFO ] [CategoriaServiceImpl:67] Se inicio una operacion de listado de categorias 
[2023-03-09 17:27:18] [ INFO ] [CiudadServiceImpl:60] Se inicio una operacion de listado de ciudades 
[2023-03-09 17:27:34] [ INFO ] [ImagenServiceImpl:61] Se inicio una operacion de buscar producto con ID= 3
[2023-03-09 17:27:36] [ INFO ] [ImagenServiceImpl:61] Se inicio una operacion de buscar producto con ID= 3
[2023-03-09 17:34:04] [ INFO ] [CiudadServiceImpl:60] Se inicio una operacion de listado de ciudades 
[2023-03-09 17:34:04] [ INFO ] [CategoriaServiceImpl:67] Se inicio una operacion de listado de categorias 
[2023-03-09 17:34:06] [ INFO ] [CategoriaServiceImpl:67] Se inicio una operacion de listado de categorias 
[2023-03-09 17:34:06] [ INFO ] [CiudadServiceImpl:60] Se inicio una operacion de listado de ciudades 
[2023-03-09 17:34:27] [ INFO ] [ImagenServiceImpl:61] Se inicio una operacion de buscar producto con ID= 7
[2023-03-09 17:34:29] [ INFO ] [ImagenServiceImpl:61] Se inicio una operacion de buscar producto con ID= 7
[2023-04-05 14:28:14] [ INFO ] [CiudadServiceImpl:66] Se inicio una operacion de listado de ciudades 
[2023-04-05 14:28:14] [ INFO ] [ImagenServiceImpl:128] Se inicio una operacion de listado de productos random
[2023-04-05 14:28:14] [ INFO ] [CategoriaServiceImpl:67] Se inicio una operacion de listado de categorias 
[2023-04-05 14:28:17] [ INFO ] [CiudadServiceImpl:66] Se inicio una operacion de listado de ciudades 
[2023-04-05 14:28:17] [ INFO ] [CategoriaServiceImpl:67] Se inicio una operacion de listado de categorias 
[2023-04-05 14:28:24] [ INFO ] [ImagenServiceImpl:128] Se inicio una operacion de listado de productos random
[2023-04-05 14:54:15] [ INFO ] [CiudadServiceImpl:66] Se inicio una operacion de listado de ciudades 
[2023-04-05 14:54:15] [ INFO ] [CategoriaServiceImpl:67] Se inicio una operacion de listado de categorias 
[2023-04-05 14:54:15] [ INFO ] [ImagenServiceImpl:128] Se inicio una operacion de listado de productos random
[2023-04-05 14:54:17] [ INFO ] [CiudadServiceImpl:66] Se inicio una operacion de listado de ciudades 
[2023-04-05 14:54:17] [ INFO ] [CategoriaServiceImpl:67] Se inicio una operacion de listado de categorias 
[2023-04-05 14:54:20] [ INFO ] [CategoriaServiceImpl:67] Se inicio una operacion de listado de categorias 
[2023-04-05 14:54:20] [ INFO ] [CiudadServiceImpl:66] Se inicio una operacion de listado de ciudades 
[2023-04-05 14:54:23] [ INFO ] [CiudadServiceImpl:66] Se inicio una operacion de listado de ciudades 
[2023-04-05 14:54:23] [ INFO ] [CategoriaServiceImpl:67] Se inicio una operacion de listado de categorias 
[2023-04-05 14:54:27] [ INFO ] [ImagenServiceImpl:128] Se inicio una operacion de listado de productos random
[2023-04-05 14:54:28] [ INFO ] [CiudadServiceImpl:66] Se inicio una operacion de listado de ciudades 
[2023-04-05 14:54:28] [ INFO ] [CategoriaServiceImpl:67] Se inicio una operacion de listado de categorias 
[2023-04-05 14:54:30] [ INFO ] [CategoriaServiceImpl:67] Se inicio una operacion de listado de categorias 
[2023-04-05 14:54:30] [ INFO ] [CiudadServiceImpl:66] Se inicio una operacion de listado de ciudades 
[2023-04-05 14:54:37] [ INFO ] [ImagenServiceImpl:128] Se inicio una operacion de listado de productos random
[2023-04-05 14:54:49] [ INFO ] [ImagenServiceImpl:128] Se inicio una operacion de listado de productos random
[2023-04-05 14:54:58] [ INFO ] [CiudadServiceImpl:66] Se inicio una operacion de listado de ciudades 
[2023-04-05 14:54:58] [ INFO ] [ImagenServiceImpl:128] Se inicio una operacion de listado de productos random
[2023-04-05 14:54:58] [ INFO ] [CategoriaServiceImpl:67] Se inicio una operacion de listado de categorias 
[2023-04-05 14:54:59] [ INFO ] [CategoriaServiceImpl:67] Se inicio una operacion de listado de categorias 
[2023-04-05 14:55:00] [ INFO ] [CiudadServiceImpl:66] Se inicio una operacion de listado de ciudades 
[2023-04-05 14:55:11] [ INFO ] [ImagenServiceImpl:128] Se inicio una operacion de listado de productos random
[2023-04-05 14:55:36] [ INFO ] [ImagenServiceImpl:62] Se inicio una operacion de busqueda de producto con ID 1
[2023-04-05 14:55:39] [ INFO ] [ImagenServiceImpl:62] Se inicio una operacion de busqueda de producto con ID 1
[2023-04-05 14:55:45] [ INFO ] [CiudadServiceImpl:66] Se inicio una operacion de listado de ciudades 
[2023-04-05 14:55:45] [ INFO ] [CategoriaServiceImpl:67] Se inicio una operacion de listado de categorias 
[2023-04-05 14:55:45] [ INFO ] [ImagenServiceImpl:128] Se inicio una operacion de listado de productos random
[2023-04-05 14:55:47] [ INFO ] [CategoriaServiceImpl:67] Se inicio una operacion de listado de categorias 
[2023-04-05 14:55:47] [ INFO ] [CiudadServiceImpl:66] Se inicio una operacion de listado de ciudades 
[2023-04-05 14:55:58] [ INFO ] [ImagenServiceImpl:128] Se inicio una operacion de listado de productos random
[2023-04-05 14:56:19] [ INFO ] [CaracteristicaServiceImpl:74] Se inicio una operacion de listado de caracteristicas 
[2023-04-05 14:56:21] [ INFO ] [CaracteristicaServiceImpl:74] Se inicio una operacion de listado de caracteristicas 
[2023-04-05 14:56:45] [ INFO ] [CaracteristicaServiceImpl:74] Se inicio una operacion de listado de caracteristicas 
[2023-04-05 14:56:49] [ INFO ] [CaracteristicaServiceImpl:74] Se inicio una operacion de listado de caracteristicas 
[2023-04-05 14:59:54] [ INFO ] [CaracteristicaServiceImpl:74] Se inicio una operacion de listado de caracteristicas 
[2023-04-05 14:59:56] [ INFO ] [CaracteristicaServiceImpl:74] Se inicio una operacion de listado de caracteristicas 
[2023-04-05 15:01:43] [ INFO ] [CaracteristicaServiceImpl:74] Se inicio una operacion de listado de caracteristicas 
[2023-04-05 15:01:46] [ INFO ] [CaracteristicaServiceImpl:74] Se inicio una operacion de listado de caracteristicas 
[2023-04-05 15:02:09] [ INFO ] [CaracteristicaServiceImpl:74] Se inicio una operacion de listado de caracteristicas 
[2023-04-05 15:02:13] [ INFO ] [CaracteristicaServiceImpl:74] Se inicio una operacion de listado de caracteristicas 
[2023-04-05 15:03:58] [ INFO ] [CaracteristicaServiceImpl:74] Se inicio una operacion de listado de caracteristicas 
[2023-04-05 15:04:01] [ INFO ] [CaracteristicaServiceImpl:74] Se inicio una operacion de listado de caracteristicas 
[2023-04-05 15:11:33] [ INFO ] [CaracteristicaServiceImpl:74] Se inicio una operacion de listado de caracteristicas 
[2023-04-05 15:11:41] [ INFO ] [CaracteristicaServiceImpl:74] Se inicio una operacion de listado de caracteristicas 
[2023-04-05 15:16:42] [ INFO ] [CaracteristicaServiceImpl:74] Se inicio una operacion de listado de caracteristicas 
[2023-04-05 15:16:45] [ INFO ] [CaracteristicaServiceImpl:74] Se inicio una operacion de listado de caracteristicas 
[2023-04-05 15:17:02] [ INFO ] [CaracteristicaServiceImpl:74] Se inicio una operacion de listado de caracteristicas 
[2023-04-05 15:17:04] [ INFO ] [CaracteristicaServiceImpl:74] Se inicio una operacion de listado de caracteristicas 
[2023-04-05 15:26:22] [ INFO ] [CaracteristicaServiceImpl:74] Se inicio una operacion de listado de caracteristicas 
[2023-04-05 15:26:25] [ INFO ] [CaracteristicaServiceImpl:74] Se inicio una operacion de listado de caracteristicas 
[2023-04-05 15:44:09] [ INFO ] [CaracteristicaServiceImpl:74] Se inicio una operacion de listado de caracteristicas 
[2023-04-05 15:44:13] [ INFO ] [CaracteristicaServiceImpl:74] Se inicio una operacion de listado de caracteristicas 
[2023-04-05 15:44:31] [ INFO ] [CaracteristicaServiceImpl:74] Se inicio una operacion de listado de caracteristicas 
[2023-04-05 15:44:32] [ INFO ] [CaracteristicaServiceImpl:74] Se inicio una operacion de listado de caracteristicas 
[2023-04-05 15:44:48] [ INFO ] [CiudadServiceImpl:66] Se inicio una operacion de listado de ciudades 
[2023-04-05 15:44:48] [ INFO ] [CategoriaServiceImpl:67] Se inicio una operacion de listado de categorias 
[2023-04-05 15:44:48] [ INFO ] [ImagenServiceImpl:128] Se inicio una operacion de listado de productos random
[2023-04-05 15:44:50] [ INFO ] [CiudadServiceImpl:66] Se inicio una operacion de listado de ciudades 
[2023-04-05 15:44:50] [ INFO ] [CategoriaServiceImpl:67] Se inicio una operacion de listado de categorias 
[2023-04-05 15:44:56] [ INFO ] [CaracteristicaServiceImpl:74] Se inicio una operacion de listado de caracteristicas 
[2023-04-05 15:44:57] [ INFO ] [CaracteristicaServiceImpl:74] Se inicio una operacion de listado de caracteristicas 
[2023-04-05 15:45:43] [ INFO ] [CaracteristicaServiceImpl:74] Se inicio una operacion de listado de caracteristicas 
[2023-04-05 15:45:46] [ INFO ] [CaracteristicaServiceImpl:74] Se inicio una operacion de listado de caracteristicas 
[2023-04-05 15:46:16] [ INFO ] [CaracteristicaServiceImpl:74] Se inicio una operacion de listado de caracteristicas 
[2023-04-05 15:46:18] [ INFO ] [CaracteristicaServiceImpl:74] Se inicio una operacion de listado de caracteristicas 
[2023-04-05 15:48:55] [ INFO ] [CaracteristicaServiceImpl:74] Se inicio una operacion de listado de caracteristicas 
[2023-04-05 15:48:57] [ INFO ] [CaracteristicaServiceImpl:74] Se inicio una operacion de listado de caracteristicas 
[2023-04-05 16:07:50] [ INFO ] [CiudadServiceImpl:66] Se inicio una operacion de listado de ciudades 
[2023-04-05 16:07:50] [ INFO ] [CategoriaServiceImpl:67] Se inicio una operacion de listado de categorias 
[2023-04-05 16:07:50] [ INFO ] [ImagenServiceImpl:128] Se inicio una operacion de listado de productos random
[2023-04-05 16:07:52] [ INFO ] [CiudadServiceImpl:66] Se inicio una operacion de listado de ciudades 
[2023-04-05 16:07:52] [ INFO ] [CategoriaServiceImpl:67] Se inicio una operacion de listado de categorias 
[2023-04-05 16:07:58] [ INFO ] [ImagenServiceImpl:128] Se inicio una operacion de listado de productos random
[2023-04-05 16:08:01] [ INFO ] [CaracteristicaServiceImpl:74] Se inicio una operacion de listado de caracteristicas 
[2023-04-05 16:08:08] [ INFO ] [CaracteristicaServiceImpl:74] Se inicio una operacion de listado de caracteristicas 
[2023-04-05 16:09:25] [ INFO ] [CiudadServiceImpl:66] Se inicio una operacion de listado de ciudades 
[2023-04-05 16:09:25] [ INFO ] [ImagenServiceImpl:128] Se inicio una operacion de listado de productos random
[2023-04-05 16:09:25] [ INFO ] [CategoriaServiceImpl:67] Se inicio una operacion de listado de categorias 
[2023-04-05 16:09:27] [ INFO ] [CiudadServiceImpl:66] Se inicio una operacion de listado de ciudades 
[2023-04-05 16:09:27] [ INFO ] [CategoriaServiceImpl:67] Se inicio una operacion de listado de categorias 
[2023-04-05 16:09:34] [ INFO ] [ImagenServiceImpl:128] Se inicio una operacion de listado de productos random
[2023-04-05 16:10:54] [ INFO ] [CiudadServiceImpl:66] Se inicio una operacion de listado de ciudades 
[2023-04-05 16:10:54] [ INFO ] [CategoriaServiceImpl:67] Se inicio una operacion de listado de categorias 
[2023-04-05 16:10:54] [ INFO ] [ImagenServiceImpl:128] Se inicio una operacion de listado de productos random
[2023-04-05 16:10:56] [ INFO ] [CiudadServiceImpl:66] Se inicio una operacion de listado de ciudades 
[2023-04-05 16:10:56] [ INFO ] [CategoriaServiceImpl:67] Se inicio una operacion de listado de categorias 
[2023-04-05 16:11:02] [ INFO ] [ImagenServiceImpl:128] Se inicio una operacion de listado de productos random
[2023-04-05 17:32:24] [ INFO ] [CiudadServiceImpl:66] Se inicio una operacion de listado de ciudades 
[2023-04-05 17:32:24] [ INFO ] [CategoriaServiceImpl:67] Se inicio una operacion de listado de categorias 
[2023-04-05 17:32:24] [ INFO ] [ImagenServiceImpl:128] Se inicio una operacion de listado de productos random
[2023-04-05 17:32:25] [ INFO ] [CiudadServiceImpl:66] Se inicio una operacion de listado de ciudades 
[2023-04-05 17:32:25] [ INFO ] [CategoriaServiceImpl:67] Se inicio una operacion de listado de categorias 
[2023-04-05 17:32:32] [ INFO ] [ImagenServiceImpl:128] Se inicio una operacion de listado de productos random
[2023-04-05 17:37:18] [ INFO ] [CiudadServiceImpl:66] Se inicio una operacion de listado de ciudades 
[2023-04-05 17:37:18] [ INFO ] [CategoriaServiceImpl:67] Se inicio una operacion de listado de categorias 
[2023-04-05 17:37:18] [ INFO ] [ImagenServiceImpl:128] Se inicio una operacion de listado de productos random
[2023-04-05 17:37:19] [ INFO ] [CategoriaServiceImpl:67] Se inicio una operacion de listado de categorias 
[2023-04-05 17:37:19] [ INFO ] [CiudadServiceImpl:66] Se inicio una operacion de listado de ciudades 
[2023-04-05 17:37:28] [ INFO ] [ImagenServiceImpl:128] Se inicio una operacion de listado de productos random
[2023-04-05 17:38:40] [ INFO ] [CiudadServiceImpl:66] Se inicio una operacion de listado de ciudades 
[2023-04-05 17:38:40] [ INFO ] [CategoriaServiceImpl:67] Se inicio una operacion de listado de categorias 
[2023-04-05 17:38:40] [ INFO ] [ImagenServiceImpl:128] Se inicio una operacion de listado de productos random
[2023-04-05 17:38:41] [ INFO ] [CategoriaServiceImpl:67] Se inicio una operacion de listado de categorias 
[2023-04-05 17:38:41] [ INFO ] [CiudadServiceImpl:66] Se inicio una operacion de listado de ciudades 
[2023-04-05 17:38:48] [ INFO ] [ImagenServiceImpl:128] Se inicio una operacion de listado de productos random
[2023-04-05 17:39:16] [ INFO ] [CiudadServiceImpl:66] Se inicio una operacion de listado de ciudades 
[2023-04-05 17:39:16] [ INFO ] [CategoriaServiceImpl:67] Se inicio una operacion de listado de categorias 
[2023-04-05 17:39:16] [ INFO ] [ImagenServiceImpl:128] Se inicio una operacion de listado de productos random
[2023-04-05 17:39:18] [ INFO ] [CategoriaServiceImpl:67] Se inicio una operacion de listado de categorias 
[2023-04-05 17:39:18] [ INFO ] [CiudadServiceImpl:66] Se inicio una operacion de listado de ciudades 
[2023-04-05 17:39:24] [ INFO ] [ImagenServiceImpl:128] Se inicio una operacion de listado de productos random
[2023-04-05 17:39:27] [ INFO ] [CiudadServiceImpl:66] Se inicio una operacion de listado de ciudades 
[2023-04-05 17:39:27] [ INFO ] [CategoriaServiceImpl:67] Se inicio una operacion de listado de categorias 
[2023-04-05 17:39:29] [ INFO ] [CiudadServiceImpl:66] Se inicio una operacion de listado de ciudades 
[2023-04-05 17:39:29] [ INFO ] [CategoriaServiceImpl:67] Se inicio una operacion de listado de categorias 
[2023-04-05 17:39:32] [ INFO ] [ImagenServiceImpl:128] Se inicio una operacion de listado de productos random
[2023-04-05 17:39:41] [ INFO ] [ImagenServiceImpl:128] Se inicio una operacion de listado de productos random
[2023-04-05 17:41:35] [ INFO ] [CiudadServiceImpl:66] Se inicio una operacion de listado de ciudades 
[2023-04-05 17:41:35] [ INFO ] [CategoriaServiceImpl:67] Se inicio una operacion de listado de categorias 
[2023-04-05 17:41:35] [ INFO ] [ImagenServiceImpl:128] Se inicio una operacion de listado de productos random
[2023-04-05 17:41:37] [ INFO ] [CategoriaServiceImpl:67] Se inicio una operacion de listado de categorias 
[2023-04-05 17:41:37] [ INFO ] [CiudadServiceImpl:66] Se inicio una operacion de listado de ciudades 
[2023-04-05 17:41:43] [ INFO ] [ImagenServiceImpl:128] Se inicio una operacion de listado de productos random
[2023-04-05 17:42:04] [ INFO ] [CiudadServiceImpl:66] Se inicio una operacion de listado de ciudades 
[2023-04-05 17:42:04] [ INFO ] [CategoriaServiceImpl:67] Se inicio una operacion de listado de categorias 
[2023-04-05 17:42:04] [ INFO ] [ImagenServiceImpl:128] Se inicio una operacion de listado de productos random
[2023-04-05 17:42:05] [ INFO ] [CategoriaServiceImpl:67] Se inicio una operacion de listado de categorias 
[2023-04-05 17:42:05] [ INFO ] [CiudadServiceImpl:66] Se inicio una operacion de listado de ciudades 
[2023-04-05 17:42:12] [ INFO ] [ImagenServiceImpl:128] Se inicio una operacion de listado de productos random
[2023-04-05 17:42:25] [ INFO ] [ImagenServiceImpl:62] Se inicio una operacion de busqueda de producto con ID 3
[2023-04-05 17:42:28] [ INFO ] [ImagenServiceImpl:62] Se inicio una operacion de busqueda de producto con ID 3
[2023-04-05 17:42:33] [ INFO ] [ImagenServiceImpl:62] Se inicio una operacion de busqueda de producto con ID 3
[2023-04-05 17:42:36] [ INFO ] [ImagenServiceImpl:62] Se inicio una operacion de busqueda de producto con ID 3
[2023-04-05 17:43:16] [ INFO ] [CiudadServiceImpl:66] Se inicio una operacion de listado de ciudades 
[2023-04-05 17:43:16] [ INFO ] [ImagenServiceImpl:128] Se inicio una operacion de listado de productos random
[2023-04-05 17:43:16] [ INFO ] [CategoriaServiceImpl:67] Se inicio una operacion de listado de categorias 
[2023-04-05 17:43:17] [ INFO ] [CategoriaServiceImpl:67] Se inicio una operacion de listado de categorias 
[2023-04-05 17:43:17] [ INFO ] [CiudadServiceImpl:66] Se inicio una operacion de listado de ciudades 
[2023-04-05 17:43:24] [ INFO ] [ImagenServiceImpl:128] Se inicio una operacion de listado de productos random
[2023-04-05 17:43:29] [ INFO ] [CiudadServiceImpl:66] Se inicio una operacion de listado de ciudades 
[2023-04-05 17:43:29] [ INFO ] [CategoriaServiceImpl:67] Se inicio una operacion de listado de categorias 
[2023-04-05 17:43:31] [ INFO ] [CiudadServiceImpl:66] Se inicio una operacion de listado de ciudades 
[2023-04-05 17:43:31] [ INFO ] [CategoriaServiceImpl:67] Se inicio una operacion de listado de categorias 
[2023-04-05 17:43:32] [ INFO ] [ImagenServiceImpl:128] Se inicio una operacion de listado de productos random
[2023-04-05 17:43:34] [ INFO ] [CiudadServiceImpl:66] Se inicio una operacion de listado de ciudades 
[2023-04-05 17:43:34] [ INFO ] [CategoriaServiceImpl:67] Se inicio una operacion de listado de categorias 
[2023-04-05 17:43:34] [ INFO ] [ImagenServiceImpl:128] Se inicio una operacion de listado de productos random
[2023-04-05 17:43:36] [ INFO ] [CiudadServiceImpl:66] Se inicio una operacion de listado de ciudades 
[2023-04-05 17:43:36] [ INFO ] [CategoriaServiceImpl:67] Se inicio una operacion de listado de categorias 
[2023-04-05 17:43:42] [ INFO ] [ImagenServiceImpl:128] Se inicio una operacion de listado de productos random
[2023-04-06 10:40:39] [ INFO ] [ImagenServiceImpl:128] Se inicio una operacion de listado de productos random
[2023-04-06 10:40:39] [ INFO ] [CiudadServiceImpl:66] Se inicio una operacion de listado de ciudades 
[2023-04-06 10:40:39] [ INFO ] [CategoriaServiceImpl:67] Se inicio una operacion de listado de categorias 
[2023-04-06 10:40:50] [ INFO ] [CiudadServiceImpl:66] Se inicio una operacion de listado de ciudades 
[2023-04-06 10:40:50] [ INFO ] [CategoriaServiceImpl:67] Se inicio una operacion de listado de categorias 
[2023-04-06 10:40:50] [ INFO ] [ImagenServiceImpl:128] Se inicio una operacion de listado de productos random
[2023-04-06 10:40:51] [ INFO ] [CategoriaServiceImpl:67] Se inicio una operacion de listado de categorias 
[2023-04-06 10:40:51] [ INFO ] [CiudadServiceImpl:66] Se inicio una operacion de listado de ciudades 
[2023-04-06 10:41:00] [ INFO ] [ImagenServiceImpl:128] Se inicio una operacion de listado de productos random
[2023-04-06 10:43:56] [ INFO ] [CiudadServiceImpl:66] Se inicio una operacion de listado de ciudades 
[2023-04-06 10:43:56] [ INFO ] [CategoriaServiceImpl:67] Se inicio una operacion de listado de categorias 
[2023-04-06 10:43:56] [ INFO ] [ImagenServiceImpl:128] Se inicio una operacion de listado de productos random
[2023-04-06 10:44:12] [ INFO ] [CiudadServiceImpl:66] Se inicio una operacion de listado de ciudades 
[2023-04-06 10:44:12] [ INFO ] [CategoriaServiceImpl:67] Se inicio una operacion de listado de categorias 
[2023-04-06 10:44:12] [ INFO ] [ImagenServiceImpl:128] Se inicio una operacion de listado de productos random
[2023-04-06 10:44:14] [ INFO ] [CiudadServiceImpl:66] Se inicio una operacion de listado de ciudades 
[2023-04-06 10:44:14] [ INFO ] [CategoriaServiceImpl:67] Se inicio una operacion de listado de categorias 
[2023-04-06 10:44:20] [ INFO ] [ImagenServiceImpl:128] Se inicio una operacion de listado de productos random
